2023-02-06 10:02:447 INFO  HomePage :55 - click On loginlink[[ChromeDriver: chrome on WINDOWS (5af24562c3879fd9921dcd82ce67d886)] -> link text: Log in]
2023-02-06 10:02:479 INFO  LoginPage :41 - getting text from : [[ChromeDriver: chrome on WINDOWS (5af24562c3879fd9921dcd82ce67d886)] -> xpath: //h1[contains(text(),'Welcome, Please Sign In!')]]
2023-02-06 10:02:120 INFO  HomePage :61 - click On registerLink[[ChromeDriver: chrome on WINDOWS (5af24562c3879fd9921dcd82ce67d886)] -> link text: Register]
2023-02-06 10:02:226 INFO  HomePage :58 - click On  clickOn enterfirstnamebutton[[ChromeDriver: chrome on WINDOWS (5af24562c3879fd9921dcd82ce67d886)] -> xpath: //input[@id='FirstName']]
2023-02-06 10:02:328 INFO  HomePage :64 - click On  clickOn enterlastnamebutton[[ChromeDriver: chrome on WINDOWS (5af24562c3879fd9921dcd82ce67d886)] -> xpath: //input[@id='LastName']]
2023-02-06 10:02:538 INFO  HomePage :77 - click On  click On Dateofbirthbutton[[ChromeDriver: chrome on WINDOWS (5af24562c3879fd9921dcd82ce67d886)] -> xpath: //div[@class='inputs date-of-birth']/div/select[1]]
2023-02-06 10:02:306 INFO  HomePage :81 - click On  click On Monthofbirthbutton[[ChromeDriver: chrome on WINDOWS (5af24562c3879fd9921dcd82ce67d886)] -> xpath: //div[@class='inputs date-of-birth']/div/select[2]]
2023-02-06 10:02:445 INFO  HomePage :85 - click On  click On Yearofbirthbutton[[ChromeDriver: chrome on WINDOWS (5af24562c3879fd9921dcd82ce67d886)] -> xpath: //div[@class='inputs date-of-birth']/div/select[3]]
2023-02-06 10:02:589 INFO  HomePage :89 - click On  click On enteremailfield[[ChromeDriver: chrome on WINDOWS (5af24562c3879fd9921dcd82ce67d886)] -> xpath: //input[@id='Email']]
2023-02-06 10:02:692 INFO  HomePage :93 - click On  click On enterpasswordfield[[ChromeDriver: chrome on WINDOWS (5af24562c3879fd9921dcd82ce67d886)] -> xpath: //input[@id='Password']]
2023-02-06 10:02:810 INFO  HomePage :97 - click On  click On enterconfirmpasswordfield[[ChromeDriver: chrome on WINDOWS (5af24562c3879fd9921dcd82ce67d886)] -> xpath: //input[@id='ConfirmPassword']]
2023-02-06 10:02:944 INFO  HomePage :101 - click On  click On enterRegisterButton [[ChromeDriver: chrome on WINDOWS (5af24562c3879fd9921dcd82ce67d886)] -> xpath: //button[@id='register-button']]
2023-02-06 10:02:148 INFO  HomePage :104 - Getting RegistrationcompletedText from Proxy element for: DefaultElementLocator 'By.xpath: //div[@class='result']'
2023-02-06 10:02:743 INFO  HomePage :55 - click On loginlink[[ChromeDriver: chrome on WINDOWS (9de778537f348feac50940e6c4c20405)] -> link text: Log in]
2023-02-06 10:02:774 INFO  LoginPage :41 - getting text from : [[ChromeDriver: chrome on WINDOWS (9de778537f348feac50940e6c4c20405)] -> xpath: //h1[contains(text(),'Welcome, Please Sign In!')]]
2023-02-06 10:02:724 INFO  HomePage :54 - click On registerLink[[ChromeDriver: chrome on WINDOWS (9de778537f348feac50940e6c4c20405)] -> link text: Register]
2023-02-06 10:02:828 INFO  HomePage :64 - click On  clickOn enterfirstnamebutton[[ChromeDriver: chrome on WINDOWS (9de778537f348feac50940e6c4c20405)] -> xpath: //input[@id='FirstName']]
2023-02-06 10:02:928 INFO  HomePage :70 - click On  clickOn enterlastnamebutton[[ChromeDriver: chrome on WINDOWS (9de778537f348feac50940e6c4c20405)] -> xpath: //input[@id='LastName']]
2023-02-06 10:02:61 INFO  HomePage :83 - click On  click On Dateofbirthbutton[[ChromeDriver: chrome on WINDOWS (9de778537f348feac50940e6c4c20405)] -> xpath: //div[@class='inputs date-of-birth']/div/select[1]]
2023-02-06 10:02:305 INFO  HomePage :87 - click On  click On Monthofbirthbutton[[ChromeDriver: chrome on WINDOWS (9de778537f348feac50940e6c4c20405)] -> xpath: //div[@class='inputs date-of-birth']/div/select[2]]
2023-02-06 10:02:443 INFO  HomePage :91 - click On  click On Yearofbirthbutton[[ChromeDriver: chrome on WINDOWS (9de778537f348feac50940e6c4c20405)] -> xpath: //div[@class='inputs date-of-birth']/div/select[3]]
2023-02-06 10:02:599 INFO  HomePage :95 - click On  click On enteremailfield[[ChromeDriver: chrome on WINDOWS (9de778537f348feac50940e6c4c20405)] -> xpath: //input[@id='Email']]
2023-02-06 10:02:702 INFO  HomePage :99 - click On  click On enterpasswordfield[[ChromeDriver: chrome on WINDOWS (9de778537f348feac50940e6c4c20405)] -> xpath: //input[@id='Password']]
2023-02-06 10:02:811 INFO  HomePage :103 - click On  click On enterconfirmpasswordfield[[ChromeDriver: chrome on WINDOWS (9de778537f348feac50940e6c4c20405)] -> xpath: //input[@id='ConfirmPassword']]
2023-02-06 10:02:942 INFO  HomePage :107 - click On  click On enterRegisterButton [[ChromeDriver: chrome on WINDOWS (9de778537f348feac50940e6c4c20405)] -> xpath: //button[@id='register-button']]
2023-02-06 10:02:21 INFO  HomePage :110 - Getting RegistrationcompletedText from Proxy element for: DefaultElementLocator 'By.xpath: //div[@class='result']'
2023-02-06 10:02:475 INFO  HomePage :55 - click On loginlink[[ChromeDriver: chrome on WINDOWS (45878efdb44e61bf1421be5bbd22c8e1)] -> link text: Log in]
2023-02-06 10:02:508 INFO  LoginPage :41 - getting text from : [[ChromeDriver: chrome on WINDOWS (45878efdb44e61bf1421be5bbd22c8e1)] -> xpath: //h1[contains(text(),'Welcome, Please Sign In!')]]
2023-02-06 10:02:25 INFO  HomePage :54 - click On registerLink[[ChromeDriver: chrome on WINDOWS (45878efdb44e61bf1421be5bbd22c8e1)] -> link text: Register]
2023-02-06 10:02:132 INFO  HomePage :64 - click On  clickOn enterFirstnamebutton[[ChromeDriver: chrome on WINDOWS (45878efdb44e61bf1421be5bbd22c8e1)] -> xpath: //input[@id='FirstName']]
2023-02-06 10:02:240 INFO  HomePage :70 - click On  clickOn enterLastnamebutton[[ChromeDriver: chrome on WINDOWS (45878efdb44e61bf1421be5bbd22c8e1)] -> xpath: //input[@id='LastName']]
2023-02-06 10:02:387 INFO  HomePage :83 - click On  click On Dateofbirthbutton[[ChromeDriver: chrome on WINDOWS (45878efdb44e61bf1421be5bbd22c8e1)] -> xpath: //div[@class='inputs date-of-birth']/div/select[1]]
2023-02-06 10:02:615 INFO  HomePage :87 - click On  click On Monthofbirthbutton[[ChromeDriver: chrome on WINDOWS (45878efdb44e61bf1421be5bbd22c8e1)] -> xpath: //div[@class='inputs date-of-birth']/div/select[2]]
2023-02-06 10:02:756 INFO  HomePage :91 - click On  click On Yearofbirthbutton[[ChromeDriver: chrome on WINDOWS (45878efdb44e61bf1421be5bbd22c8e1)] -> xpath: //div[@class='inputs date-of-birth']/div/select[3]]
2023-02-06 10:02:893 INFO  HomePage :95 - click On  click On enterEmailfield[[ChromeDriver: chrome on WINDOWS (45878efdb44e61bf1421be5bbd22c8e1)] -> xpath: //input[@id='Email']]
2023-02-06 10:02:997 INFO  HomePage :99 - click On  click On enterPasswordfield[[ChromeDriver: chrome on WINDOWS (45878efdb44e61bf1421be5bbd22c8e1)] -> xpath: //input[@id='Password']]
2023-02-06 10:02:98 INFO  HomePage :103 - click On  click On enterConfirmpasswordfield[[ChromeDriver: chrome on WINDOWS (45878efdb44e61bf1421be5bbd22c8e1)] -> xpath: //input[@id='ConfirmPassword']]
2023-02-06 10:02:213 INFO  HomePage :107 - click On  click On enterRegisterButton [[ChromeDriver: chrome on WINDOWS (45878efdb44e61bf1421be5bbd22c8e1)] -> xpath: //button[@id='register-button']]
2023-02-06 11:02:199 INFO  HomePage :55 - click On loginlink[[ChromeDriver: chrome on WINDOWS (37bec958ea4fcca751f8a3c68d7542bc)] -> link text: Log in]
2023-02-06 11:02:169 INFO  HomePage :55 - click On loginlink[[ChromeDriver: chrome on WINDOWS (cc8f773bcef57f0266c0cbdb0654d1b0)] -> link text: Log in]
2023-02-06 11:02:237 INFO  LoginPage :38 - getting text from : [[ChromeDriver: chrome on WINDOWS (cc8f773bcef57f0266c0cbdb0654d1b0)] -> xpath: //h1[contains(text(),'Welcome, Please Sign In!')]]
2023-02-06 11:02:810 INFO  HomePage :55 - click On loginlink[[ChromeDriver: chrome on WINDOWS (3a0eb8f7b075d42eb230818e24251c18)] -> link text: Log in]
2023-02-06 12:02:453 INFO  HomePage :55 - click On loginlink[[ChromeDriver: chrome on WINDOWS (1ba3ba0ea9c191d5ff79d26314d6ed45)] -> link text: Log in]
2023-02-06 12:02:138 INFO  HomePage :55 - click On loginlink[[ChromeDriver: chrome on WINDOWS (2eec3bfa21a664c7642aeecf058fe125)] -> link text: Log in]
2023-02-06 12:02:394 INFO  HomePage :55 - click On loginlink[[ChromeDriver: chrome on WINDOWS (592171e2bbbcb20f99dbcf15cee3e80d)] -> link text: Log in]
2023-02-06 12:02:110 INFO  HomePage :55 - click On loginlink[[ChromeDriver: chrome on WINDOWS (4f7a86adbbf429efff30b1ac77995b98)] -> link text: Log in]
2023-02-06 12:02:860 INFO  HomePage :55 - click On loginlink[[ChromeDriver: chrome on WINDOWS (90b4f22029c61234859a512bd57afabe)] -> link text: Log in]
2023-02-06 12:02:892 INFO  LoginPage :40 - getting text from : [[ChromeDriver: chrome on WINDOWS (90b4f22029c61234859a512bd57afabe)] -> xpath: //h1[contains(text(),'Welcome, Please Sign In!')]]
2023-02-06 13:02:42 INFO  HomePage :69 - click On registerLink[[ChromeDriver: chrome on WINDOWS (a9dbaa8025e11af05181f7ca4afd57f0)] -> link text: Register]
2023-02-06 13:02:410 INFO  HomePage :96 - click On  clickOn femaleradiobutton[[ChromeDriver: chrome on WINDOWS (a9dbaa8025e11af05181f7ca4afd57f0)] -> xpath: //input[@id='gender-female']]
2023-02-06 13:02:676 INFO  HomePage :80 - click On  clickOn enterFirstnamebutton[[ChromeDriver: chrome on WINDOWS (a9dbaa8025e11af05181f7ca4afd57f0)] -> xpath: //input[@id='FirstName']]
2023-02-06 13:02:906 INFO  HomePage :86 - click On  clickOn enterLastnamebutton[[ChromeDriver: chrome on WINDOWS (a9dbaa8025e11af05181f7ca4afd57f0)] -> xpath: //input[@id='LastName']]
2023-02-06 13:02:393 INFO  HomePage :101 - click On  click On Dateofbirthbutton[[ChromeDriver: chrome on WINDOWS (a9dbaa8025e11af05181f7ca4afd57f0)] -> xpath: //div[@class='inputs date-of-birth']/div/select[1]]
2023-02-06 13:02:754 INFO  HomePage :106 - click On  click On Monthofbirthbutton[[ChromeDriver: chrome on WINDOWS (a9dbaa8025e11af05181f7ca4afd57f0)] -> xpath: //div[@class='inputs date-of-birth']/div/select[2]]
2023-02-06 13:02:127 INFO  HomePage :111 - click On  click On Yearofbirthbutton[[ChromeDriver: chrome on WINDOWS (a9dbaa8025e11af05181f7ca4afd57f0)] -> xpath: //div[@class='inputs date-of-birth']/div/select[3]]
2023-02-06 13:02:424 INFO  HomePage :116 - click On  click On enterEmailfield[[ChromeDriver: chrome on WINDOWS (a9dbaa8025e11af05181f7ca4afd57f0)] -> xpath: //input[@id='Email']]
2023-02-06 13:02:643 INFO  HomePage :121 - click On  click On enterPasswordfield[[ChromeDriver: chrome on WINDOWS (a9dbaa8025e11af05181f7ca4afd57f0)] -> xpath: //input[@id='Password']]
2023-02-06 13:02:866 INFO  HomePage :126 - click On  click On enterConfirmpasswordfield[[ChromeDriver: chrome on WINDOWS (a9dbaa8025e11af05181f7ca4afd57f0)] -> xpath: //input[@id='ConfirmPassword']]
2023-02-06 13:02:142 INFO  HomePage :131 - click On  click On enterRegisterButton [[ChromeDriver: chrome on WINDOWS (a9dbaa8025e11af05181f7ca4afd57f0)] -> xpath: //button[@id='register-button']]
2023-02-06 13:02:954 INFO  HomePage :87 - click  the Computers[[ChromeDriver: chrome on WINDOWS (1febeb429dcdbe1d964ecff2f84b2485)] -> xpath: //ul[@class='top-menu notmobile']/li[1]/a]
2023-02-06 13:02:182 INFO  HomePage :33 - click On  the DesktopsLinkProxy element for: DefaultElementLocator 'By.xpath: //div[@class='page-body']/div[1]/div[1]/div[1]/div[1]/h2/a'
2023-02-06 13:02:237 INFO  HomePage :27 - Getting Desktopstext from [[ChromeDriver: chrome on WINDOWS (1febeb429dcdbe1d964ecff2f84b2485)] -> xpath: //div[@class='page category-page']/div/h1]
2023-02-06 13:02:531 INFO  HomePage :69 - click On registerLink[[ChromeDriver: chrome on WINDOWS (a949c40d94743dd2bf9605d5f1298b06)] -> link text: Register]
2023-02-06 13:02:812 INFO  HomePage :131 - click On  click On enterRegisterButton [[ChromeDriver: chrome on WINDOWS (a949c40d94743dd2bf9605d5f1298b06)] -> xpath: //button[@id='register-button']]
2023-02-06 13:02:618 INFO  HomePage :69 - click On registerLink[[ChromeDriver: chrome on WINDOWS (4a380d00fec77933e8fb24c2f1b31c03)] -> link text: Register]
2023-02-06 13:02:938 INFO  HomePage :131 - click On  click On enterRegisterButton [[ChromeDriver: chrome on WINDOWS (4a380d00fec77933e8fb24c2f1b31c03)] -> xpath: //button[@id='register-button']]
2023-02-06 13:02:755 INFO  HomePage :68 - click On registerLink[[ChromeDriver: chrome on WINDOWS (341a783f8d6d5edb92c68427425ad2e4)] -> link text: Register]
2023-02-06 13:02:35 INFO  HomePage :130 - click On  click On enterRegisterButton [[ChromeDriver: chrome on WINDOWS (341a783f8d6d5edb92c68427425ad2e4)] -> xpath: //button[@id='register-button']]
2023-02-06 13:02:399 INFO  HomePage :87 - click  the Computers[[ChromeDriver: chrome on WINDOWS (48051c2e4c73d668e85b6fee85aa4cda)] -> xpath: //ul[@class='top-menu notmobile']/li[1]/a]
2023-02-06 13:02:34 INFO  HomePage :33 - click On  the DesktopsLinkProxy element for: DefaultElementLocator 'By.xpath: //div[@class='page-body']/div[1]/div[1]/div[1]/div[1]/h2/a'
2023-02-06 13:02:54 INFO  HomePage :42 - Click on Buildyourowncomputer [[ChromeDriver: chrome on WINDOWS (48051c2e4c73d668e85b6fee85aa4cda)] -> xpath: //h2[@class='product-title']/a[contains(text(),'Build your own computer')]]
2023-02-06 14:02:552 INFO  HomePage :87 - click  the Computers[[ChromeDriver: chrome on WINDOWS (77a53994498819ad47852375fcb74231)] -> xpath: //ul[@class='top-menu notmobile']/li[1]/a]
2023-02-06 14:02:401 INFO  HomePage :33 - click On  the DesktopsLinkProxy element for: DefaultElementLocator 'By.xpath: //div[@class='page-body']/div[1]/div[1]/div[1]/div[1]/h2/a'
2023-02-06 14:02:434 INFO  HomePage :42 - Click on Buildyourowncomputer [[ChromeDriver: chrome on WINDOWS (77a53994498819ad47852375fcb74231)] -> xpath: //h2[@class='product-title']/a[contains(text(),'Build your own computer')]]
2023-02-06 14:02:879 INFO  HomePage :87 - click  the Computers[[ChromeDriver: chrome on WINDOWS (99de2d03e8a4e6573e2cff23fd9e534c)] -> xpath: //ul[@class='top-menu notmobile']/li[1]/a]
2023-02-06 14:02:71 INFO  HomePage :33 - click On  the DesktopsLinkProxy element for: DefaultElementLocator 'By.xpath: //div[@class='page-body']/div[1]/div[1]/div[1]/div[1]/h2/a'
2023-02-06 14:02:94 INFO  HomePage :42 - Click on Buildyourowncomputer [[ChromeDriver: chrome on WINDOWS (99de2d03e8a4e6573e2cff23fd9e534c)] -> xpath: //h2[@class='product-title']/a[contains(text(),'Build your own computer')]]
2023-02-06 14:02:321 INFO  HomePage :87 - click  the Computers[[ChromeDriver: chrome on WINDOWS (e6755f18ba1faf36ad92977b7c0fb616)] -> xpath: //ul[@class='top-menu notmobile']/li[1]/a]
2023-02-06 14:02:543 INFO  HomePage :33 - click On  the DesktopsLinkProxy element for: DefaultElementLocator 'By.xpath: //div[@class='page-body']/div[1]/div[1]/div[1]/div[1]/h2/a'
2023-02-06 14:02:564 INFO  HomePage :87 - click  the Computers[[ChromeDriver: chrome on WINDOWS (b2197cf7962b889ec12dcd14beee1ef6)] -> xpath: //ul[@class='top-menu notmobile']/li[1]/a]
2023-02-06 14:02:723 INFO  HomePage :33 - click On  the DesktopsLinkProxy element for: DefaultElementLocator 'By.xpath: //div[@class='page-body']/div[1]/div[1]/div[1]/div[1]/h2/a'
2023-02-06 14:02:758 INFO  HomePage :42 - Click on Buildyourowncomputer [[ChromeDriver: chrome on WINDOWS (b2197cf7962b889ec12dcd14beee1ef6)] -> xpath: //h2[@class='product-title']/a[contains(text(),'Build your own computer')]]
2023-02-06 14:02:100 INFO  HomePage :87 - click  the Computers[[ChromeDriver: chrome on WINDOWS (022b93cb96dcceff6651f26e623f9a6c)] -> xpath: //ul[@class='top-menu notmobile']/li[1]/a]
2023-02-06 14:02:551 INFO  HomePage :33 - click On  the DesktopsLinkProxy element for: DefaultElementLocator 'By.xpath: //div[@class='page-body']/div[1]/div[1]/div[1]/div[1]/h2/a'
2023-02-06 14:02:644 INFO  HomePage :42 - Click on Buildyourowncomputer [[ChromeDriver: chrome on WINDOWS (022b93cb96dcceff6651f26e623f9a6c)] -> link text: Build your own computer]
2023-02-06 14:02:838 INFO  HomePage :87 - click  the Computers[[ChromeDriver: chrome on WINDOWS (e10adb6e79bad6ff1695725ef8c65e81)] -> xpath: //ul[@class='top-menu notmobile']/li[1]/a]
2023-02-06 14:02:943 INFO  HomePage :33 - click On  the DesktopsLinkProxy element for: DefaultElementLocator 'By.xpath: //div[@class='page-body']/div[1]/div[1]/div[1]/div[1]/h2/a'
2023-02-06 14:02:03 INFO  HomePage :42 - Click on Buildyourowncomputer [[ChromeDriver: chrome on WINDOWS (e10adb6e79bad6ff1695725ef8c65e81)] -> link text: Build your own computer]
2023-02-06 14:02:125 INFO  HomePage :87 - click  the Computers[[ChromeDriver: chrome on WINDOWS (363c65a79fbe0ab510c0a54774908555)] -> xpath: //ul[@class='top-menu notmobile']/li[1]/a]
2023-02-06 14:02:986 INFO  HomePage :33 - click On  the DesktopsLinkProxy element for: DefaultElementLocator 'By.xpath: //div[@class='page-body']/div[1]/div[1]/div[1]/div[1]/h2/a'
2023-02-06 14:02:48 INFO  HomePage :42 - Click on Buildyourowncomputer [[ChromeDriver: chrome on WINDOWS (363c65a79fbe0ab510c0a54774908555)] -> link text: Build your own computer]
2023-02-06 16:02:611 INFO  HomePage :87 - click  the Computers[[ChromeDriver: chrome on WINDOWS (e69b9fb610f228ed10172c57ed14238a)] -> xpath: //ul[@class='top-menu notmobile']/li[1]/a]
2023-02-06 16:02:285 INFO  HomePage :33 - click On  the DesktopsLinkProxy element for: DefaultElementLocator 'By.xpath: //div[@class='page-body']/div[1]/div[1]/div[1]/div[1]/h2/a'
2023-02-06 16:02:320 INFO  HomePage :42 - Click on Buildyourowncomputer [[ChromeDriver: chrome on WINDOWS (e69b9fb610f228ed10172c57ed14238a)] -> link text: Build your own computer]
2023-02-06 16:02:996 INFO  HomePage :87 - click  the Computers[[ChromeDriver: chrome on WINDOWS (0992bc46ca5da33ba9a763108a0c467c)] -> xpath: //ul[@class='top-menu notmobile']/li[1]/a]
2023-02-06 16:02:501 INFO  HomePage :33 - click On  the DesktopsLinkProxy element for: DefaultElementLocator 'By.xpath: //div[@class='page-body']/div[1]/div[1]/div[1]/div[1]/h2/a'
2023-02-06 16:02:545 INFO  HomePage :40 - Click on Buildyourowncomputer [[ChromeDriver: chrome on WINDOWS (0992bc46ca5da33ba9a763108a0c467c)] -> link text: Build your own computer]
2023-02-06 16:02:588 INFO  HomePage :87 - click  the Computers[[ChromeDriver: chrome on WINDOWS (df9b9df80fcb47d5524963c7c4c404f1)] -> xpath: //ul[@class='top-menu notmobile']/li[1]/a]
2023-02-06 16:02:176 INFO  HomePage :33 - click On  the DesktopsLinkProxy element for: DefaultElementLocator 'By.xpath: //div[@class='page-body']/div[1]/div[1]/div[1]/div[1]/h2/a'
2023-02-06 16:02:638 INFO  HomePage :41 - Click on Buildyourowncomputer Proxy element for: DefaultElementLocator 'By.linkText: Build your own computer'
2023-02-06 16:02:771 INFO  HomePage :54 - click On  the ProcessorDropDownLink[[ChromeDriver: chrome on WINDOWS (df9b9df80fcb47d5524963c7c4c404f1)] -> xpath: //select[@id='product_attribute_1']]
2023-02-06 16:02:920 INFO  HomePage :47 - click On  the RamDropDown[[ChromeDriver: chrome on WINDOWS (df9b9df80fcb47d5524963c7c4c404f1)] -> xpath: //select[@id='product_attribute_2']]
2023-02-06 16:02:79 INFO  HomePage :60 - click On  the HDDradiosbutton[[ChromeDriver: chrome on WINDOWS (df9b9df80fcb47d5524963c7c4c404f1)] -> xpath: //input[@id='product_attribute_3_6']]
2023-02-06 16:02:166 INFO  HomePage :66 - click On  the OSradiosbutton[[ChromeDriver: chrome on WINDOWS (df9b9df80fcb47d5524963c7c4c404f1)] -> xpath: //input[@id='product_attribute_4_8']]
2023-02-06 16:02:250 INFO  HomePage :71 - click On  the Softwarecheckboxesbutton [[ChromeDriver: chrome on WINDOWS (df9b9df80fcb47d5524963c7c4c404f1)] -> xpath: //input[@id='product_attribute_5_10']]
2023-02-06 16:02:336 INFO  HomePage :76 - click On  the Addtocartbutton [[ChromeDriver: chrome on WINDOWS (df9b9df80fcb47d5524963c7c4c404f1)] -> xpath: //button[@id='add-to-cart-button-1']]
2023-02-06 16:02:833 INFO  HomePage :81 - click On  the Addedtoyourshoppingcartbutton[[ChromeDriver: chrome on WINDOWS (df9b9df80fcb47d5524963c7c4c404f1)] -> xpath: //a[@class='ico-cart']/span[2]]
2023-02-06 21:02:791 INFO  HomePage :87 - click  the Computers[[ChromeDriver: chrome on WINDOWS (5437d415447e1e0eb90e32562b7eb1c5)] -> xpath: //ul[@class='top-menu notmobile']/li[1]/a]
2023-02-06 21:02:788 INFO  HomePage :33 - click On  the DesktopsLinkProxy element for: DefaultElementLocator 'By.xpath: //div[@class='page-body']/div[1]/div[1]/div[1]/div[1]/h2/a'
2023-02-06 21:02:680 INFO  HomePage :41 - Click on Buildyourowncomputer Proxy element for: DefaultElementLocator 'By.linkText: Build your own computer'
2023-02-06 21:02:887 INFO  HomePage :54 - click On  the ProcessorDropDownLink[[ChromeDriver: chrome on WINDOWS (5437d415447e1e0eb90e32562b7eb1c5)] -> xpath: //select[@id='product_attribute_1']]
2023-02-06 21:02:87 INFO  HomePage :47 - click On  the RamDropDown[[ChromeDriver: chrome on WINDOWS (5437d415447e1e0eb90e32562b7eb1c5)] -> xpath: //select[@id='product_attribute_2']]
2023-02-06 21:02:329 INFO  HomePage :60 - click On  the HDDradiosbutton[[ChromeDriver: chrome on WINDOWS (5437d415447e1e0eb90e32562b7eb1c5)] -> xpath: //input[@id='product_attribute_3_6']]
2023-02-06 21:02:455 INFO  HomePage :66 - click On  the OSradiosbutton[[ChromeDriver: chrome on WINDOWS (5437d415447e1e0eb90e32562b7eb1c5)] -> xpath: //input[@id='product_attribute_4_8']]
2023-02-06 21:02:590 INFO  HomePage :71 - click On  the Softwarecheckboxesbutton [[ChromeDriver: chrome on WINDOWS (5437d415447e1e0eb90e32562b7eb1c5)] -> xpath: //input[@id='product_attribute_5_10']]
2023-02-06 21:02:724 INFO  HomePage :76 - click On  the Addtocartbutton [[ChromeDriver: chrome on WINDOWS (5437d415447e1e0eb90e32562b7eb1c5)] -> xpath: //button[@id='add-to-cart-button-1']]
2023-02-06 21:02:400 INFO  HomePage :81 - click On  the Addedtoyourshoppingcartbutton[[ChromeDriver: chrome on WINDOWS (5437d415447e1e0eb90e32562b7eb1c5)] -> xpath: //a[@class='ico-cart']/span[2]]
2023-02-06 21:02:452 INFO  HomePage :87 - click  the Computers[[ChromeDriver: chrome on WINDOWS (4ae20efd4cbf61662f59266615beb706)] -> xpath: //ul[@class='top-menu notmobile']/li[1]/a]
2023-02-06 21:02:566 INFO  HomePage :33 - click On  the DesktopsLinkProxy element for: DefaultElementLocator 'By.xpath: //div[@class='page-body']/div[1]/div[1]/div[1]/div[1]/h2/a'
2023-02-06 21:02:679 INFO  HomePage :41 - Click on Buildyourowncomputer Proxy element for: DefaultElementLocator 'By.linkText: Build your own computer'
2023-02-06 21:02:931 INFO  HomePage :54 - click On  the ProcessorDropDownLink[[ChromeDriver: chrome on WINDOWS (4ae20efd4cbf61662f59266615beb706)] -> xpath: //select[@id='product_attribute_1']]
2023-02-06 21:02:185 INFO  HomePage :47 - click On  the RamDropDown[[ChromeDriver: chrome on WINDOWS (4ae20efd4cbf61662f59266615beb706)] -> xpath: //select[@id='product_attribute_2']]
2023-02-06 21:02:580 INFO  HomePage :60 - click On  the HDDradiosbutton[[ChromeDriver: chrome on WINDOWS (4ae20efd4cbf61662f59266615beb706)] -> xpath: //input[@id='product_attribute_3_6']]
2023-02-06 21:02:726 INFO  HomePage :66 - click On  the OSradiosbutton[[ChromeDriver: chrome on WINDOWS (4ae20efd4cbf61662f59266615beb706)] -> xpath: //input[@id='product_attribute_4_8']]
2023-02-06 21:02:979 INFO  HomePage :71 - click On  the Softwarecheckboxesbutton [[ChromeDriver: chrome on WINDOWS (4ae20efd4cbf61662f59266615beb706)] -> xpath: //input[@id='product_attribute_5_10']]
2023-02-06 21:02:141 INFO  HomePage :76 - click On  the Addtocartbutton [[ChromeDriver: chrome on WINDOWS (4ae20efd4cbf61662f59266615beb706)] -> xpath: //button[@id='add-to-cart-button-1']]
2023-02-06 21:02:245 INFO  HomePage :81 - click On  the Addedtoyourshoppingcartbutton[[ChromeDriver: chrome on WINDOWS (4ae20efd4cbf61662f59266615beb706)] -> xpath: //a[@class='ico-cart']/span[2]]
2023-02-06 21:02:880 INFO  HomePage :87 - click  the Computers[[ChromeDriver: chrome on WINDOWS (a8c8383709bcca801da57f78dac24072)] -> xpath: //ul[@class='top-menu notmobile']/li[1]/a]
2023-02-06 21:02:516 INFO  HomePage :33 - click On  the DesktopsLinkProxy element for: DefaultElementLocator 'By.xpath: //div[@class='page-body']/div[1]/div[1]/div[1]/div[1]/h2/a'
2023-02-06 21:02:71 INFO  HomePage :41 - Click on Buildyourowncomputer Proxy element for: DefaultElementLocator 'By.linkText: Build your own computer'
2023-02-06 21:02:247 INFO  HomePage :54 - click On  the ProcessorDropDownLink[[ChromeDriver: chrome on WINDOWS (a8c8383709bcca801da57f78dac24072)] -> xpath: //select[@id='product_attribute_1']]
2023-02-06 21:02:442 INFO  HomePage :47 - click On  the RamDropDown[[ChromeDriver: chrome on WINDOWS (a8c8383709bcca801da57f78dac24072)] -> xpath: //select[@id='product_attribute_2']]
2023-02-06 21:02:598 INFO  HomePage :60 - click On  the HDDradiosbutton[[ChromeDriver: chrome on WINDOWS (a8c8383709bcca801da57f78dac24072)] -> xpath: //input[@id='product_attribute_3_6']]
2023-02-06 21:02:731 INFO  HomePage :66 - click On  the OSradiosbutton[[ChromeDriver: chrome on WINDOWS (a8c8383709bcca801da57f78dac24072)] -> xpath: //input[@id='product_attribute_4_8']]
2023-02-06 21:02:872 INFO  HomePage :71 - click On  the Softwarecheckboxesbutton [[ChromeDriver: chrome on WINDOWS (a8c8383709bcca801da57f78dac24072)] -> xpath: //input[@id='product_attribute_5_10']]
2023-02-06 21:02:988 INFO  HomePage :76 - click On  the Addtocartbutton [[ChromeDriver: chrome on WINDOWS (a8c8383709bcca801da57f78dac24072)] -> xpath: //button[@id='add-to-cart-button-1']]
2023-02-06 21:02:58 INFO  HomePage :81 - click On  the Addedtoyourshoppingcartbutton[[ChromeDriver: chrome on WINDOWS (a8c8383709bcca801da57f78dac24072)] -> xpath: //a[@class='ico-cart']/span[2]]
2023-02-06 21:02:301 INFO  HomePage :55 - click On loginlink[[ChromeDriver: chrome on WINDOWS (5b65ca13a8e8e8cb3e20647f5c58be64)] -> link text: Log in]
2023-02-06 21:02:123 INFO  HomePage :55 - click On loginlink[[ChromeDriver: chrome on WINDOWS (e1fc7666eb40953605e56c624660b64b)] -> link text: Log in]
2023-02-06 21:02:217 INFO  HomePage :55 - click On loginlink[[ChromeDriver: chrome on WINDOWS (f2a6a47a73671066b9492dedaaf531ad)] -> link text: Log in]
2023-02-06 21:02:283 INFO  HomePage :55 - click On loginlink[[ChromeDriver: chrome on WINDOWS (77a9dc618698ed2bbabaf4dff3f80b18)] -> link text: Log in]
2023-02-06 21:02:334 INFO  LoginPage :40 - getting text from : [[ChromeDriver: chrome on WINDOWS (77a9dc618698ed2bbabaf4dff3f80b18)] -> xpath: //h1[contains(text(),'Welcome, Please Sign In!')]]
2023-02-06 21:02:652 INFO  HomePage :68 - click On registerLink[[ChromeDriver: chrome on WINDOWS (9cba3816393568a4888bdd0edf76c5a3)] -> link text: Register]
2023-02-06 21:02:951 INFO  HomePage :130 - click On  click On enterRegisterButton [[ChromeDriver: chrome on WINDOWS (9cba3816393568a4888bdd0edf76c5a3)] -> xpath: //button[@id='register-button']]
2023-02-06 21:02:286 INFO  HomePage :87 - click  the Computers[[ChromeDriver: chrome on WINDOWS (64d37e6b490760683502a53b6b995096)] -> xpath: //ul[@class='top-menu notmobile']/li[1]/a]
2023-02-06 21:02:439 INFO  HomePage :33 - click On  the DesktopsLinkProxy element for: DefaultElementLocator 'By.xpath: //div[@class='page-body']/div[1]/div[1]/div[1]/div[1]/h2/a'
2023-02-06 21:02:962 INFO  HomePage :41 - Click on Buildyourowncomputer Proxy element for: DefaultElementLocator 'By.linkText: Build your own computer'
2023-02-06 21:02:148 INFO  HomePage :54 - click On  the ProcessorDropDownLink[[ChromeDriver: chrome on WINDOWS (64d37e6b490760683502a53b6b995096)] -> xpath: //select[@id='product_attribute_1']]
2023-02-06 21:02:391 INFO  HomePage :47 - click On  the RamDropDown[[ChromeDriver: chrome on WINDOWS (64d37e6b490760683502a53b6b995096)] -> xpath: //select[@id='product_attribute_2']]
2023-02-06 21:02:631 INFO  HomePage :60 - click On  the HDDradiosbutton[[ChromeDriver: chrome on WINDOWS (64d37e6b490760683502a53b6b995096)] -> xpath: //input[@id='product_attribute_3_6']]
2023-02-06 21:02:806 INFO  HomePage :66 - click On  the OSradiosbutton[[ChromeDriver: chrome on WINDOWS (64d37e6b490760683502a53b6b995096)] -> xpath: //input[@id='product_attribute_4_8']]
2023-02-06 21:02:962 INFO  HomePage :71 - click On  the Softwarecheckboxesbutton [[ChromeDriver: chrome on WINDOWS (64d37e6b490760683502a53b6b995096)] -> xpath: //input[@id='product_attribute_5_10']]
2023-02-06 21:02:106 INFO  HomePage :76 - click On  the Addtocartbutton [[ChromeDriver: chrome on WINDOWS (64d37e6b490760683502a53b6b995096)] -> xpath: //button[@id='add-to-cart-button-1']]
2023-02-06 21:02:240 INFO  HomePage :81 - click On  the Addedtoyourshoppingcartbutton[[ChromeDriver: chrome on WINDOWS (64d37e6b490760683502a53b6b995096)] -> xpath: //a[@class='ico-cart']/span[2]]
2023-02-06 21:02:927 INFO  HomePage :87 - click  the Computers[[ChromeDriver: chrome on WINDOWS (83de56e400af4a68e0ad6342517184b9)] -> xpath: //ul[@class='top-menu notmobile']/li[1]/a]
2023-02-06 21:02:846 INFO  HomePage :33 - click On  the DesktopsLinkProxy element for: DefaultElementLocator 'By.xpath: //div[@class='page-body']/div[1]/div[1]/div[1]/div[1]/h2/a'
2023-02-06 21:02:873 INFO  HomePage :41 - Click on Buildyourowncomputer Proxy element for: DefaultElementLocator 'By.linkText: Build your own computer'
2023-02-06 21:02:128 INFO  HomePage :54 - click On  the ProcessorDropDownLink[[ChromeDriver: chrome on WINDOWS (83de56e400af4a68e0ad6342517184b9)] -> xpath: //select[@id='product_attribute_1']]
2023-02-06 21:02:376 INFO  HomePage :47 - click On  the RamDropDown[[ChromeDriver: chrome on WINDOWS (83de56e400af4a68e0ad6342517184b9)] -> xpath: //select[@id='product_attribute_2']]
2023-02-06 21:02:610 INFO  HomePage :60 - click On  the HDDradiosbutton[[ChromeDriver: chrome on WINDOWS (83de56e400af4a68e0ad6342517184b9)] -> xpath: //input[@id='product_attribute_3_6']]
2023-02-06 21:02:777 INFO  HomePage :66 - click On  the OSradiosbutton[[ChromeDriver: chrome on WINDOWS (83de56e400af4a68e0ad6342517184b9)] -> xpath: //input[@id='product_attribute_4_8']]
2023-02-06 21:02:938 INFO  HomePage :71 - click On  the Softwarecheckboxesbutton [[ChromeDriver: chrome on WINDOWS (83de56e400af4a68e0ad6342517184b9)] -> xpath: //input[@id='product_attribute_5_10']]
2023-02-06 21:02:60 INFO  HomePage :76 - click On  the Addtocartbutton [[ChromeDriver: chrome on WINDOWS (83de56e400af4a68e0ad6342517184b9)] -> xpath: //button[@id='add-to-cart-button-1']]
2023-02-06 21:02:868 INFO  HomePage :81 - click On  the Addedtoyourshoppingcartbutton[[ChromeDriver: chrome on WINDOWS (83de56e400af4a68e0ad6342517184b9)] -> xpath: //a[@class='ico-cart']/span[2]]
2023-02-06 21:02:325 INFO  HomePage :87 - click  the Computers[[ChromeDriver: chrome on WINDOWS (4d544161b7eb7c185b0cf7f49f7ee8d5)] -> xpath: //ul[@class='top-menu notmobile']/li[1]/a]
2023-02-06 21:02:276 INFO  HomePage :33 - click On  the DesktopsLinkProxy element for: DefaultElementLocator 'By.xpath: //div[@class='page-body']/div[1]/div[1]/div[1]/div[1]/h2/a'
2023-02-06 21:02:964 INFO  HomePage :41 - Click on Buildyourowncomputer Proxy element for: DefaultElementLocator 'By.linkText: Build your own computer'
2023-02-06 21:02:197 INFO  HomePage :54 - click On  the ProcessorDropDownLink[[ChromeDriver: chrome on WINDOWS (4d544161b7eb7c185b0cf7f49f7ee8d5)] -> xpath: //select[@id='product_attribute_1']]
2023-02-06 21:02:440 INFO  HomePage :47 - click On  the RamDropDown[[ChromeDriver: chrome on WINDOWS (4d544161b7eb7c185b0cf7f49f7ee8d5)] -> xpath: //select[@id='product_attribute_2']]
2023-02-06 21:02:752 INFO  HomePage :60 - click On  the HDDradiosbutton[[ChromeDriver: chrome on WINDOWS (4d544161b7eb7c185b0cf7f49f7ee8d5)] -> xpath: //input[@id='product_attribute_3_6']]
2023-02-06 21:02:903 INFO  HomePage :66 - click On  the OSradiosbutton[[ChromeDriver: chrome on WINDOWS (4d544161b7eb7c185b0cf7f49f7ee8d5)] -> xpath: //input[@id='product_attribute_4_8']]
2023-02-06 21:02:74 INFO  HomePage :71 - click On  the Softwarecheckboxesbutton [[ChromeDriver: chrome on WINDOWS (4d544161b7eb7c185b0cf7f49f7ee8d5)] -> xpath: //input[@id='product_attribute_5_10']]
2023-02-06 21:02:204 INFO  HomePage :76 - click On  the Addtocartbutton [[ChromeDriver: chrome on WINDOWS (4d544161b7eb7c185b0cf7f49f7ee8d5)] -> xpath: //button[@id='add-to-cart-button-1']]
2023-02-06 21:02:956 INFO  HomePage :81 - click On  the Addedtoyourshoppingcartbutton[[ChromeDriver: chrome on WINDOWS (4d544161b7eb7c185b0cf7f49f7ee8d5)] -> xpath: //a[@class='ico-cart']/span[2]]
2023-02-06 21:02:759 INFO  HomePage :68 - click On registerLink[[ChromeDriver: chrome on WINDOWS (f49055d46b58b28ba18990a83ea2722f)] -> link text: Register]
2023-02-06 21:02:08 INFO  HomePage :95 - click On  clickOn femaleradiobutton[[ChromeDriver: chrome on WINDOWS (f49055d46b58b28ba18990a83ea2722f)] -> xpath: //input[@id='gender-female']]
2023-02-06 21:02:267 INFO  HomePage :79 - click On  clickOn enterFirstnamebutton[[ChromeDriver: chrome on WINDOWS (f49055d46b58b28ba18990a83ea2722f)] -> xpath: //input[@id='FirstName']]
2023-02-06 21:02:569 INFO  HomePage :85 - click On  clickOn enterLastnamebutton[[ChromeDriver: chrome on WINDOWS (f49055d46b58b28ba18990a83ea2722f)] -> xpath: //input[@id='LastName']]
2023-02-06 21:02:978 INFO  HomePage :100 - click On  click On Dateofbirthbutton[[ChromeDriver: chrome on WINDOWS (f49055d46b58b28ba18990a83ea2722f)] -> xpath: //div[@class='inputs date-of-birth']/div/select[1]]
2023-02-06 21:02:928 INFO  HomePage :105 - click On  click On Monthofbirthbutton[[ChromeDriver: chrome on WINDOWS (f49055d46b58b28ba18990a83ea2722f)] -> xpath: //div[@class='inputs date-of-birth']/div/select[2]]
2023-02-06 21:02:402 INFO  HomePage :110 - click On  click On Yearofbirthbutton[[ChromeDriver: chrome on WINDOWS (f49055d46b58b28ba18990a83ea2722f)] -> xpath: //div[@class='inputs date-of-birth']/div/select[3]]
2023-02-06 21:02:683 INFO  HomePage :115 - click On  click On enterEmailfield[[ChromeDriver: chrome on WINDOWS (f49055d46b58b28ba18990a83ea2722f)] -> xpath: //input[@id='Email']]
2023-02-06 21:02:853 INFO  HomePage :120 - click On  click On enterPasswordfield[[ChromeDriver: chrome on WINDOWS (f49055d46b58b28ba18990a83ea2722f)] -> xpath: //input[@id='Password']]
2023-02-06 21:02:05 INFO  HomePage :125 - click On  click On enterConfirmpasswordfield[[ChromeDriver: chrome on WINDOWS (f49055d46b58b28ba18990a83ea2722f)] -> xpath: //input[@id='ConfirmPassword']]
2023-02-06 21:02:234 INFO  HomePage :130 - click On  click On enterRegisterButton [[ChromeDriver: chrome on WINDOWS (f49055d46b58b28ba18990a83ea2722f)] -> xpath: //button[@id='register-button']]
2023-02-06 21:02:440 INFO  HomePage :87 - click  the Computers[[ChromeDriver: chrome on WINDOWS (b6c659aa289a70ed9cb94e839c4a0c15)] -> xpath: //ul[@class='top-menu notmobile']/li[1]/a]
2023-02-06 21:02:234 INFO  HomePage :33 - click On  the DesktopsLinkProxy element for: DefaultElementLocator 'By.xpath: //div[@class='page-body']/div[1]/div[1]/div[1]/div[1]/h2/a'
2023-02-06 21:02:262 INFO  HomePage :27 - Getting Desktopstext from [[ChromeDriver: chrome on WINDOWS (b6c659aa289a70ed9cb94e839c4a0c15)] -> xpath: //div[@class='page category-page']/div/h1]
2023-02-06 21:02:504 INFO  HomePage :68 - click On registerLink[[ChromeDriver: chrome on WINDOWS (de727179388c0eb0b60f02061acb8519)] -> link text: Register]
2023-02-06 21:02:545 INFO  HomePage :72 - Getting registertext from [[ChromeDriver: chrome on WINDOWS (de727179388c0eb0b60f02061acb8519)] -> xpath: //div[@class='page-title']/h1]
2023-02-06 22:02:309 INFO  HomePage :55 - click On loginlink[[ChromeDriver: chrome on WINDOWS (a07b603f983138e43a8d53015e7372a4)] -> link text: Log in]
2023-02-06 22:02:264 INFO  HomePage :55 - click On loginlink[[ChromeDriver: chrome on WINDOWS (ec78cea3eb9421a6882616a73abac3d7)] -> link text: Log in]
2023-02-06 22:02:448 INFO  HomePage :55 - click On loginlink[[ChromeDriver: chrome on WINDOWS (23e69b6cf63a36db5fbcbfa2caa7f32b)] -> link text: Log in]
2023-02-06 22:02:393 INFO  HomePage :55 - click On loginlink[[ChromeDriver: chrome on WINDOWS (23d5978a95920cdcbbbbe4f89255a6e5)] -> link text: Log in]
2023-02-06 22:02:429 INFO  LoginPage :40 - getting text from : [[ChromeDriver: chrome on WINDOWS (23d5978a95920cdcbbbbe4f89255a6e5)] -> xpath: //h1[contains(text(),'Welcome, Please Sign In!')]]
2023-02-06 22:02:164 INFO  HomePage :68 - click On registerLink[[ChromeDriver: chrome on WINDOWS (93cf67fda19f4be55ab8fed78b654df9)] -> link text: Register]
2023-02-06 22:02:441 INFO  HomePage :130 - click On  click On enterRegisterButton [[ChromeDriver: chrome on WINDOWS (93cf67fda19f4be55ab8fed78b654df9)] -> xpath: //button[@id='register-button']]
2023-02-06 22:02:931 INFO  HomePage :87 - click  the Computers[[ChromeDriver: chrome on WINDOWS (fc7484f33211dacff454ec8dc23af290)] -> xpath: //ul[@class='top-menu notmobile']/li[1]/a]
2023-02-06 22:02:776 INFO  HomePage :33 - click On  the DesktopsLinkProxy element for: DefaultElementLocator 'By.xpath: //div[@class='page-body']/div[1]/div[1]/div[1]/div[1]/h2/a'
2023-02-06 22:02:90 INFO  HomePage :41 - Click on Buildyourowncomputer Proxy element for: DefaultElementLocator 'By.linkText: Build your own computer'
2023-02-06 22:02:432 INFO  HomePage :54 - click On  the ProcessorDropDownLink[[ChromeDriver: chrome on WINDOWS (fc7484f33211dacff454ec8dc23af290)] -> xpath: //select[@id='product_attribute_1']]
2023-02-06 22:02:885 INFO  HomePage :47 - click On  the RamDropDown[[ChromeDriver: chrome on WINDOWS (fc7484f33211dacff454ec8dc23af290)] -> xpath: //select[@id='product_attribute_2']]
2023-02-06 22:02:400 INFO  HomePage :60 - click On  the HDDradiosbutton[[ChromeDriver: chrome on WINDOWS (fc7484f33211dacff454ec8dc23af290)] -> xpath: //input[@id='product_attribute_3_6']]
2023-02-06 22:02:774 INFO  HomePage :66 - click On  the OSradiosbutton[[ChromeDriver: chrome on WINDOWS (fc7484f33211dacff454ec8dc23af290)] -> xpath: //input[@id='product_attribute_4_8']]
2023-02-06 22:02:71 INFO  HomePage :71 - click On  the Softwarecheckboxesbutton [[ChromeDriver: chrome on WINDOWS (fc7484f33211dacff454ec8dc23af290)] -> xpath: //input[@id='product_attribute_5_10']]
2023-02-06 22:02:232 INFO  HomePage :76 - click On  the Addtocartbutton [[ChromeDriver: chrome on WINDOWS (fc7484f33211dacff454ec8dc23af290)] -> xpath: //button[@id='add-to-cart-button-1']]
2023-02-06 22:02:78 INFO  HomePage :81 - click On  the Addedtoyourshoppingcartbutton[[ChromeDriver: chrome on WINDOWS (fc7484f33211dacff454ec8dc23af290)] -> xpath: //a[@class='ico-cart']/span[2]]
2023-02-06 22:02:672 INFO  HomePage :87 - click  the Computers[[ChromeDriver: chrome on WINDOWS (60a2f01b7201e4e15a60ee00f702f964)] -> xpath: //ul[@class='top-menu notmobile']/li[1]/a]
2023-02-06 22:02:102 INFO  HomePage :33 - click On  the DesktopsLinkProxy element for: DefaultElementLocator 'By.xpath: //div[@class='page-body']/div[1]/div[1]/div[1]/div[1]/h2/a'
2023-02-06 22:02:60 INFO  HomePage :41 - Click on Buildyourowncomputer Proxy element for: DefaultElementLocator 'By.linkText: Build your own computer'
2023-02-06 22:02:401 INFO  HomePage :54 - click On  the ProcessorDropDownLink[[ChromeDriver: chrome on WINDOWS (60a2f01b7201e4e15a60ee00f702f964)] -> xpath: //select[@id='product_attribute_1']]
2023-02-06 22:02:829 INFO  HomePage :47 - click On  the RamDropDown[[ChromeDriver: chrome on WINDOWS (60a2f01b7201e4e15a60ee00f702f964)] -> xpath: //select[@id='product_attribute_2']]
2023-02-06 22:02:248 INFO  HomePage :60 - click On  the HDDradiosbutton[[ChromeDriver: chrome on WINDOWS (60a2f01b7201e4e15a60ee00f702f964)] -> xpath: //input[@id='product_attribute_3_6']]
2023-02-06 22:02:466 INFO  HomePage :66 - click On  the OSradiosbutton[[ChromeDriver: chrome on WINDOWS (60a2f01b7201e4e15a60ee00f702f964)] -> xpath: //input[@id='product_attribute_4_8']]
2023-02-06 22:02:653 INFO  HomePage :71 - click On  the Softwarecheckboxesbutton [[ChromeDriver: chrome on WINDOWS (60a2f01b7201e4e15a60ee00f702f964)] -> xpath: //input[@id='product_attribute_5_10']]
2023-02-06 22:02:821 INFO  HomePage :76 - click On  the Addtocartbutton [[ChromeDriver: chrome on WINDOWS (60a2f01b7201e4e15a60ee00f702f964)] -> xpath: //button[@id='add-to-cart-button-1']]
2023-02-06 22:02:649 INFO  HomePage :81 - click On  the Addedtoyourshoppingcartbutton[[ChromeDriver: chrome on WINDOWS (60a2f01b7201e4e15a60ee00f702f964)] -> xpath: //a[@class='ico-cart']/span[2]]
2023-02-06 22:02:78 INFO  HomePage :87 - click  the Computers[[ChromeDriver: chrome on WINDOWS (6011f13549d265144c66961f2456cd7e)] -> xpath: //ul[@class='top-menu notmobile']/li[1]/a]
2023-02-06 22:02:241 INFO  HomePage :33 - click On  the DesktopsLinkProxy element for: DefaultElementLocator 'By.xpath: //div[@class='page-body']/div[1]/div[1]/div[1]/div[1]/h2/a'
2023-02-06 22:02:829 INFO  HomePage :41 - Click on Buildyourowncomputer Proxy element for: DefaultElementLocator 'By.linkText: Build your own computer'
2023-02-06 22:02:11 INFO  HomePage :54 - click On  the ProcessorDropDownLink[[ChromeDriver: chrome on WINDOWS (6011f13549d265144c66961f2456cd7e)] -> xpath: //select[@id='product_attribute_1']]
2023-02-06 22:02:281 INFO  HomePage :47 - click On  the RamDropDown[[ChromeDriver: chrome on WINDOWS (6011f13549d265144c66961f2456cd7e)] -> xpath: //select[@id='product_attribute_2']]
2023-02-06 22:02:497 INFO  HomePage :60 - click On  the HDDradiosbutton[[ChromeDriver: chrome on WINDOWS (6011f13549d265144c66961f2456cd7e)] -> xpath: //input[@id='product_attribute_3_6']]
2023-02-06 22:02:680 INFO  HomePage :66 - click On  the OSradiosbutton[[ChromeDriver: chrome on WINDOWS (6011f13549d265144c66961f2456cd7e)] -> xpath: //input[@id='product_attribute_4_8']]
2023-02-06 22:02:925 INFO  HomePage :71 - click On  the Softwarecheckboxesbutton [[ChromeDriver: chrome on WINDOWS (6011f13549d265144c66961f2456cd7e)] -> xpath: //input[@id='product_attribute_5_10']]
2023-02-06 22:02:66 INFO  HomePage :76 - click On  the Addtocartbutton [[ChromeDriver: chrome on WINDOWS (6011f13549d265144c66961f2456cd7e)] -> xpath: //button[@id='add-to-cart-button-1']]
2023-02-06 22:02:363 INFO  HomePage :81 - click On  the Addedtoyourshoppingcartbutton[[ChromeDriver: chrome on WINDOWS (6011f13549d265144c66961f2456cd7e)] -> xpath: //a[@class='ico-cart']/span[2]]
2023-02-06 22:02:571 INFO  HomePage :68 - click On registerLink[[ChromeDriver: chrome on WINDOWS (3ac694e215395715d6edac4ca1bd3e01)] -> link text: Register]
2023-02-06 22:02:777 INFO  HomePage :95 - click On  clickOn femaleradiobutton[[ChromeDriver: chrome on WINDOWS (3ac694e215395715d6edac4ca1bd3e01)] -> xpath: //input[@id='gender-female']]
2023-02-06 22:02:945 INFO  HomePage :79 - click On  clickOn enterFirstnamebutton[[ChromeDriver: chrome on WINDOWS (3ac694e215395715d6edac4ca1bd3e01)] -> xpath: //input[@id='FirstName']]
2023-02-06 22:02:124 INFO  HomePage :85 - click On  clickOn enterLastnamebutton[[ChromeDriver: chrome on WINDOWS (3ac694e215395715d6edac4ca1bd3e01)] -> xpath: //input[@id='LastName']]
2023-02-06 22:02:350 INFO  HomePage :100 - click On  click On Dateofbirthbutton[[ChromeDriver: chrome on WINDOWS (3ac694e215395715d6edac4ca1bd3e01)] -> xpath: //div[@class='inputs date-of-birth']/div/select[1]]
2023-02-06 22:02:06 INFO  HomePage :105 - click On  click On Monthofbirthbutton[[ChromeDriver: chrome on WINDOWS (3ac694e215395715d6edac4ca1bd3e01)] -> xpath: //div[@class='inputs date-of-birth']/div/select[2]]
2023-02-06 22:02:305 INFO  HomePage :110 - click On  click On Yearofbirthbutton[[ChromeDriver: chrome on WINDOWS (3ac694e215395715d6edac4ca1bd3e01)] -> xpath: //div[@class='inputs date-of-birth']/div/select[3]]
2023-02-06 22:02:697 INFO  HomePage :115 - click On  click On enterEmailfield[[ChromeDriver: chrome on WINDOWS (3ac694e215395715d6edac4ca1bd3e01)] -> xpath: //input[@id='Email']]
2023-02-06 22:02:910 INFO  HomePage :120 - click On  click On enterPasswordfield[[ChromeDriver: chrome on WINDOWS (3ac694e215395715d6edac4ca1bd3e01)] -> xpath: //input[@id='Password']]
2023-02-06 22:02:130 INFO  HomePage :125 - click On  click On enterConfirmpasswordfield[[ChromeDriver: chrome on WINDOWS (3ac694e215395715d6edac4ca1bd3e01)] -> xpath: //input[@id='ConfirmPassword']]
2023-02-06 22:02:331 INFO  HomePage :130 - click On  click On enterRegisterButton [[ChromeDriver: chrome on WINDOWS (3ac694e215395715d6edac4ca1bd3e01)] -> xpath: //button[@id='register-button']]
2023-02-06 22:02:931 INFO  HomePage :87 - click  the Computers[[ChromeDriver: chrome on WINDOWS (8de893ffdc3ca64cc904edf6a95df1d3)] -> xpath: //ul[@class='top-menu notmobile']/li[1]/a]
2023-02-06 22:02:795 INFO  HomePage :33 - click On  the DesktopsLinkProxy element for: DefaultElementLocator 'By.xpath: //div[@class='page-body']/div[1]/div[1]/div[1]/div[1]/h2/a'
2023-02-06 22:02:825 INFO  HomePage :27 - Getting Desktopstext from [[ChromeDriver: chrome on WINDOWS (8de893ffdc3ca64cc904edf6a95df1d3)] -> xpath: //div[@class='page category-page']/div/h1]
2023-02-06 22:02:410 INFO  HomePage :68 - click On registerLink[[ChromeDriver: chrome on WINDOWS (b1c24885d9978c66472dd9f5ce1077c2)] -> link text: Register]
2023-02-06 22:02:453 INFO  HomePage :72 - Getting registertext from [[ChromeDriver: chrome on WINDOWS (b1c24885d9978c66472dd9f5ce1077c2)] -> xpath: //div[@class='page-title']/h1]
2023-02-13 10:02:962 INFO  HomePage :68 - click On registerLink[[ChromeDriver: chrome on WINDOWS (55f155c11b58a7991b7712ad9cfcfd38)] -> link text: Register]
2023-02-13 10:02:354 INFO  HomePage :130 - click On  click On enterRegisterButton [[ChromeDriver: chrome on WINDOWS (55f155c11b58a7991b7712ad9cfcfd38)] -> xpath: //button[@id='register-button']]
